<?xml version="1.0" encoding="UTF-8"?>
<!-- Generated by org.testng.reporters.JUnitReportReporter -->
<testsuite skipped="0" hostname="LAPTOP-U147QH6D" name="GJM17.GJM17.M17" tests="1" failures="0" timestamp="17 Mar 2021 12:07:21 GMT" time="4.679" errors="0">
  <testcase name="OpenBrowser" time="4.679" classname="GJM17.GJM17.M17"/>
</testsuite> <!-- GJM17.GJM17.M17 -->
